{"numFailedTestSuites":0,"numFailedTests":0,"numPassedTestSuites":3,"numPassedTests":12,"numPendingTestSuites":0,"numPendingTests":0,"numRuntimeErrorTestSuites":0,"numTodoTests":0,"numTotalTestSuites":3,"numTotalTests":12,"openHandles":[],"snapshot":{"added":0,"didUpdate":false,"failure":false,"filesAdded":0,"filesRemoved":0,"filesRemovedList":[],"filesUnmatched":0,"filesUpdated":0,"matched":0,"total":0,"unchecked":0,"uncheckedKeysByFile":[],"unmatched":0,"updated":0},"startTime":1704223684863,"success":true,"testResults":[{"assertionResults":[{"ancestorTitles":["AppController"],"duration":9,"failureDetails":[],"failureMessages":[],"fullName":"AppController should be defined","invocations":1,"location":null,"numPassingAsserts":1,"retryReasons":[],"status":"passed","title":"should be defined"},{"ancestorTitles":["AppController","health"],"duration":5,"failureDetails":[],"failureMessages":[],"fullName":"AppController health should be ok","invocations":1,"location":null,"numPassingAsserts":1,"retryReasons":[],"status":"passed","title":"should be ok"}],"endTime":1704223689922,"message":"","name":"C:\\Users\\hp\\Documents\\pioneer-test\\packages\\api\\src\\app\\app.controller.spec.ts","startTime":1704223685248,"status":"passed","summary":""},{"assertionResults":[{"ancestorTitles":["AuthController","POST signin"],"duration":58,"failureDetails":[],"failureMessages":[],"fullName":"AuthController POST signin should allow signin with proper credentials","invocations":1,"location":null,"numPassingAsserts":2,"retryReasons":[],"status":"passed","title":"should allow signin with proper credentials"},{"ancestorTitles":["AuthController","POST signin"],"duration":7,"failureDetails":[],"failureMessages":[],"fullName":"AuthController POST signin should throw an error","invocations":1,"location":null,"numPassingAsserts":2,"retryReasons":[],"status":"passed","title":"should throw an error"}],"endTime":1704223689947,"message":"","name":"C:\\Users\\hp\\Documents\\pioneer-test\\packages\\api\\src\\modules\\auth\\auth.spec.ts","startTime":1704223685249,"status":"passed","summary":""},{"assertionResults":[{"ancestorTitles":["UserController","GET /user"],"duration":36,"failureDetails":[],"failureMessages":[],"fullName":"UserController GET /user should not allow access without valid sign in header","invocations":1,"location":null,"numPassingAsserts":0,"retryReasons":[],"status":"passed","title":"should not allow access without valid sign in header"},{"ancestorTitles":["UserController","GET /user"],"duration":13,"failureDetails":[],"failureMessages":[],"fullName":"UserController GET /user should not be isNaN","invocations":1,"location":null,"numPassingAsserts":2,"retryReasons":[],"status":"passed","title":"should not be isNaN"},{"ancestorTitles":["UserController","POST /user"],"duration":7,"failureDetails":[],"failureMessages":[],"fullName":"UserController POST /user should not allow access without valid sign in header","invocations":1,"location":null,"numPassingAsserts":0,"retryReasons":[],"status":"passed","title":"should not allow access without valid sign in header"},{"ancestorTitles":["UserController","POST /user"],"duration":18,"failureDetails":[],"failureMessages":[],"fullName":"UserController POST /user output data should match input","invocations":1,"location":null,"numPassingAsserts":2,"retryReasons":[],"status":"passed","title":"output data should match input"},{"ancestorTitles":["UserController","POST /user"],"duration":8,"failureDetails":[],"failureMessages":[],"fullName":"UserController POST /user default data response should be error","invocations":1,"location":null,"numPassingAsserts":1,"retryReasons":[],"status":"passed","title":"default data response should be error"},{"ancestorTitles":["UserController","PUT /user"],"duration":5,"failureDetails":[],"failureMessages":[],"fullName":"UserController PUT /user should not allow access without valid sign in header","invocations":1,"location":null,"numPassingAsserts":0,"retryReasons":[],"status":"passed","title":"should not allow access without valid sign in header"},{"ancestorTitles":["UserController","PUT /user"],"duration":7,"failureDetails":[],"failureMessages":[],"fullName":"UserController PUT /user output data should match input","invocations":1,"location":null,"numPassingAsserts":2,"retryReasons":[],"status":"passed","title":"output data should match input"},{"ancestorTitles":["UserController","PUT /user"],"duration":7,"failureDetails":[],"failureMessages":[],"fullName":"UserController PUT /user default data response should be error","invocations":1,"location":null,"numPassingAsserts":2,"retryReasons":[],"status":"passed","title":"default data response should be error"}],"endTime":1704223689981,"message":"","name":"C:\\Users\\hp\\Documents\\pioneer-test\\packages\\api\\src\\modules\\user\\user.spec.ts","startTime":1704223685249,"status":"passed","summary":""}],"wasInterrupted":false}
